<?xml version="1.0" encoding="UTF-8"?>
<!-- Generated by org.testng.reporters.JUnitReportReporter -->
<testsuite hostname="DESKTOP-9I3SV3N" failures="0" tests="1" name="test.Amazonhometest" time="30.342" errors="0" timestamp="2023-06-21T22:25:20 IST" skipped="0">
  <testcase classname="test.Amazonhometest" name="test" time="30.342"/>
  <system-out/>
</testsuite> <!-- test.Amazonhometest -->
